2017-11-21 07:05:53,933 - os.name - Mac OS X
2017-11-21 07:05:53,933 - os.arch - x86_64
2017-11-21 07:05:53,933 - os.version - 10.12.6
2017-11-21 07:05:53,933 - java.version - 1.8.0_101
2017-11-21 07:05:53,933 - java.vendor - Oracle Corporation
2017-11-21 07:05:53,933 - java.vendor.url - http://java.oracle.com/
2017-11-21 07:05:53,933 - java.home - /Library/Java/JavaVirtualMachines/jdk1.8.0_101.jdk/Contents/Home/jre
2017-11-21 07:05:53,933 - java.vm.specification.name - Java Virtual Machine Specification
2017-11-21 07:05:53,933 - java.vm.specification.vendor - Oracle Corporation
2017-11-21 07:05:53,933 - java.vm.specification.version - 1.8
2017-11-21 07:05:53,933 - java.class.path - /private/var/folders/rv/d7hrgm7575bfmt4mjkxvyxx80000gn/T/AppTranslocation/6B97FFB7-3AAD-426F-9748-88B79B18EFE6/d/eclipse-android-oxygen-M2-incubation.app/Contents/MacOS//../Eclipse/plugins/org.eclipse.equinox.launcher_1.3.200.v20160914-0716.jar
2017-11-21 07:05:53,933 - java.library.path - /Users/MacOS/Library/Java/Extensions:/Library/Java/Extensions:/Network/Library/Java/Extensions:/System/Library/Java/Extensions:/usr/lib/java:.
2017-11-21 07:05:53,934 - --------------------------------------
2017-11-21 07:05:53,934 - ## Eclipse Plug-ins Log Information ##
2017-11-21 07:05:53,934 - --------------------------------------
2017-11-21 07:05:53,943 - javax.el - 2.2.0.v201303151357
2017-11-21 07:05:53,944 - javax.servlet - 3.1.0.v201410161800
2017-11-21 07:05:53,944 - javax.servlet.jsp - 2.2.0.v201112011158
2017-11-21 07:05:53,945 - com.sun.el - 2.2.0.v201303151357
2017-11-21 07:05:53,945 - org.apache.commons.logging - 1.1.1.v201101211721
2017-11-21 07:05:53,946 - org.apache.jasper.glassfish - 2.2.2.v201501141630
2017-11-21 07:05:53,948 - org.apache.lucene.analysis - 3.5.0.v20120725-1805
2017-11-21 07:05:53,951 - org.apache.lucene.core - 3.5.0.v20120725-1805
2017-11-21 07:05:53,952 - org.eclipse.equinox.http.jetty - 3.4.0.v20160818-1603
2017-11-21 07:05:53,952 - org.eclipse.equinox.http.registry - 1.1.400.v20150715-1528
2017-11-21 07:05:53,953 - org.eclipse.equinox.http.servlet - 1.4.0.v20160818-1824
2017-11-21 07:05:53,953 - org.eclipse.equinox.jsp.jasper - 1.0.500.v20150119-1358
2017-11-21 07:05:53,953 - org.eclipse.equinox.jsp.jasper.registry - 1.0.300.v20130327-1442
2017-11-21 07:05:53,953 - org.eclipse.help.base - 4.2.0.v20160915-0230
2017-11-21 07:05:53,953 - org.eclipse.help.ui - 4.1.0.v20160708-0901
2017-11-21 07:05:53,953 - org.eclipse.help.webapp - 3.9.0.v20160708-0901
2017-11-21 07:05:53,954 - org.eclipse.jetty.continuation - 9.3.9.v20160517
2017-11-21 07:05:53,954 - org.eclipse.jetty.http - 9.3.9.v20160517
2017-11-21 07:05:53,955 - org.eclipse.jetty.io - 9.3.9.v20160517
2017-11-21 07:05:53,955 - org.eclipse.jetty.security - 9.3.9.v20160517
2017-11-21 07:05:53,956 - org.eclipse.jetty.server - 9.3.9.v20160517
2017-11-21 07:05:53,957 - org.eclipse.jetty.servlet - 9.3.9.v20160517
2017-11-21 07:05:53,958 - org.eclipse.jetty.util - 9.3.9.v20160517
2017-11-21 07:05:53,958 - org.eclipse.core.net - 1.3.0.v20160418-1534
2017-11-21 07:05:53,958 - org.eclipse.equinox.security - 1.2.200.v20150715-1528
2017-11-21 07:05:53,961 - org.eclipse.mylyn.bugzilla.core - 3.21.0.v20160909-1813
2017-11-21 07:05:53,961 - org.eclipse.mylyn.bugzilla.ui - 3.21.0.v20160909-1813
2017-11-21 07:05:53,963 - org.eclipse.andmore.hierarchyviewer - 0.5.0.201605181018
2017-11-21 07:05:53,966 - org.eclipse.sequoyah.device.backward - 2.1.0.N20120718-0509
2017-11-21 07:05:53,966 - org.eclipse.sequoyah.device.framework - 2.1.0.N20120718-0509
2017-11-21 07:05:53,966 - org.eclipse.sequoyah.device.framework.ui - 2.1.0.N20120718-0509
2017-11-21 07:05:53,967 - org.eclipse.sequoyah.device.service.start - 2.1.0.N20120718-0509
2017-11-21 07:05:53,967 - org.eclipse.sequoyah.device.service.stop - 2.1.0.N20120718-0509
2017-11-21 07:05:53,967 - org.eclipse.sequoyah.device.framework.wizard - 2.1.0.N20120718-0509
2017-11-21 07:05:53,969 - org.eclipse.buildship.core - 1.0.18.v20160817-1550
2017-11-21 07:05:53,969 - org.eclipse.buildship.ui - 1.0.18.v20160817-1550
2017-11-21 07:05:53,969 - org.eclipse.buildship.branding - 1.0.18.v20160817-1550
2017-11-21 07:05:53,969 - org.eclipse.buildship.stsmigration - 1.0.18.v20160817-1550
2017-11-21 07:05:53,972 - org.eclipse.mylyn.tasks.core - 3.21.0.v20160914-0252
2017-11-21 07:05:53,973 - org.eclipse.mylyn.tasks.index.core - 3.21.0.v20160630-2019
2017-11-21 07:05:53,973 - org.eclipse.mylyn.tasks.index.ui - 3.21.0.v20160630-2019
2017-11-21 07:05:53,973 - org.eclipse.mylyn.tasks.search - 3.21.0.v20160630-2019
2017-11-21 07:05:53,973 - org.eclipse.mylyn.tasks.ui - 3.21.0.v20160913-2131
2017-11-21 07:05:53,976 - org.eclipse.egit.core - 4.4.1.201607150455-r
2017-11-21 07:05:53,976 - org.eclipse.egit.ui - 4.4.1.201607150455-r
2017-11-21 07:05:53,976 - org.eclipse.egit - 4.4.1.201607150455-r
2017-11-21 07:05:53,976 - org.eclipse.egit.doc - 4.4.1.201607150455-r
2017-11-21 07:05:53,997 - org.eclipse.aether.maven - 3.1.0.v20140706-2237
2017-11-21 07:05:54,000 - org.eclipse.gef - 3.11.0.201606061308
2017-11-21 07:05:54,031 - org.eclipse.mylyn.commons.identity.core - 1.13.0.v20160630-1702
2017-11-21 07:05:54,035 - org.eclipse.oomph.p2 - 1.6.0.v20160920-0456
2017-11-21 07:05:54,035 - org.eclipse.oomph.p2.core - 1.6.0.v20160920-0515
2017-11-21 07:05:54,035 - org.eclipse.oomph.p2.edit - 1.6.0.v20160920-0456
2017-11-21 07:05:54,035 - org.eclipse.oomph.p2.ui - 1.6.0.v20160920-0456
2017-11-21 07:05:54,035 - org.eclipse.oomph.p2.doc - 1.6.0.v20160920-0456
2017-11-21 07:05:54,039 - org.eclipse.datatools.enablement.sqlite - 1.1.0.201603142002
2017-11-21 07:05:54,039 - org.eclipse.datatools.enablement.sqlite.dbdefinition - 1.1.0.201603142002
2017-11-21 07:05:54,039 - org.eclipse.datatools.enablement.sqlite.ui - 1.1.0.201603142002
2017-11-21 07:05:54,039 - org.eclipse.datatools.enablement.finfo - 1.6.0.201603142002
2017-11-21 07:05:54,042 - org.eclipse.emf.codegen.ui - 2.6.0.v20160526-0356
2017-11-21 07:05:54,065 - org.eclipse.mylyn.commons.notifications.core - 1.13.0.v20160630-1702
2017-11-21 07:05:54,066 - org.eclipse.mylyn.commons.notifications.feed - 1.13.0.v20160721-2347
2017-11-21 07:05:54,066 - org.eclipse.mylyn.commons.notifications.ui - 1.13.0.v20160630-1702
2017-11-21 07:05:54,069 - org.eclipse.emf.converter - 2.7.0.v20160526-0356
2017-11-21 07:05:54,069 - org.eclipse.emf.importer - 2.9.0.v20160526-0356
2017-11-21 07:05:54,069 - org.eclipse.emf.exporter - 2.7.0.v20160526-0356
2017-11-21 07:05:54,069 - org.eclipse.emf.importer.ecore - 2.8.0.v20160526-0356
2017-11-21 07:05:54,069 - org.eclipse.emf.importer.java - 2.7.0.v20160526-0356
2017-11-21 07:05:54,069 - org.eclipse.emf.importer.rose - 2.8.0.v20160526-0356
2017-11-21 07:05:54,075 - org.eclipse.emf.edit.ui - 2.12.0.v20160526-0356
2017-11-21 07:05:54,079 - org.eclipse.help - 3.8.0.v20160823-1530
2017-11-21 07:05:54,079 - org.eclipse.ui - 3.109.0.v20160908-0603
2017-11-21 07:05:54,079 - org.eclipse.ui.workbench - 3.109.0.v20160909-0731
2017-11-21 07:05:54,079 - org.eclipse.update.configurator - 3.3.400.v20160506-0750
2017-11-21 07:05:54,079 - org.eclipse.rcp - 4.7.0.v20160915-0230
2017-11-21 07:05:54,079 - org.eclipse.ui.cocoa - 1.1.100.v20151202-1450
2017-11-21 07:05:54,084 - org.eclipse.recommenders.rcp - 2.4.4.v20160913-0648
2017-11-21 07:05:54,085 - org.eclipse.recommenders.apidocs - 2.4.4.v20160913-0648
2017-11-21 07:05:54,085 - org.eclipse.recommenders.apidocs.rcp - 2.4.4.v20160913-0648
2017-11-21 07:05:54,085 - org.eclipse.recommenders.calls - 2.4.4.v20160913-0648
2017-11-21 07:05:54,086 - org.eclipse.recommenders.calls.rcp - 2.4.4.v20160913-0648
2017-11-21 07:05:54,086 - org.eclipse.recommenders.chain.rcp - 2.4.4.v20160913-0648
2017-11-21 07:05:54,086 - org.eclipse.recommenders.completion.rcp - 2.4.4.v20160913-0648
2017-11-21 07:05:54,086 - org.eclipse.recommenders.constructors - 2.4.4.v20160913-0648
2017-11-21 07:05:54,086 - org.eclipse.recommenders.constructors.rcp - 2.4.4.v20160913-0648
2017-11-21 07:05:54,087 - org.eclipse.recommenders.coordinates - 2.4.4.v20160913-0648
2017-11-21 07:05:54,087 - org.eclipse.recommenders.coordinates.rcp - 2.4.4.v20160913-0648
2017-11-21 07:05:54,087 - org.eclipse.recommenders.injection - 2.4.4.v20160913-0648
2017-11-21 07:05:54,088 - org.eclipse.recommenders.jayes - 2.4.4.v20160913-0648
2017-11-21 07:05:54,088 - org.eclipse.recommenders.jayes.io - 2.4.4.v20160913-0648
2017-11-21 07:05:54,089 - org.eclipse.recommenders.jdt - 2.4.4.v20160913-0648
2017-11-21 07:05:54,089 - org.eclipse.recommenders.models - 2.4.4.v20160913-0648
2017-11-21 07:05:54,090 - org.eclipse.recommenders.models.rcp - 2.4.4.v20160913-0648
2017-11-21 07:05:54,090 - org.eclipse.recommenders.net - 2.4.4.v20160913-0648
2017-11-21 07:05:54,090 - org.eclipse.recommenders.overrides - 2.4.4.v20160913-0648
2017-11-21 07:05:54,090 - org.eclipse.recommenders.overrides.rcp - 2.4.4.v20160913-0648
2017-11-21 07:05:54,090 - org.eclipse.recommenders.subwords.rcp - 2.4.4.v20160913-0648
2017-11-21 07:05:54,090 - org.eclipse.recommenders.types.rcp - 2.4.4.v20160913-0648
2017-11-21 07:05:54,091 - org.eclipse.recommenders.utils - 2.4.4.v20160913-0648
2017-11-21 07:05:54,091 - org.eclipse.recommenders.utils.rcp - 2.4.4.v20160913-0648
2017-11-21 07:05:54,093 - org.eclipse.mylyn.commons.repositories.http.core - 1.13.0.v20160630-1702
2017-11-21 07:05:54,096 - org.eclipse.datatools.connectivity.oda.design.ui - 3.3.0.201603142002
2017-11-21 07:05:54,096 - org.eclipse.datatools.connectivity.ui.dse - 1.2.0.201603142002
2017-11-21 07:05:54,096 - org.eclipse.datatools.connectivity.ui - 1.3.0.201603142002
2017-11-21 07:05:54,096 - org.eclipse.datatools.connectivity.sqm.core - 1.3.0.201603142002
2017-11-21 07:05:54,096 - org.eclipse.datatools.help - 1.6.0.201603142002
2017-11-21 07:05:54,099 - org.eclipse.jdt - 3.13.0.v20160915-0230
2017-11-21 07:05:54,099 - org.eclipse.ant.ui - 3.6.200.v20160826-1943
2017-11-21 07:05:54,099 - org.eclipse.jdt.apt.core - 3.5.0.v20160907-0458
2017-11-21 07:05:54,099 - org.eclipse.jdt.apt.ui - 3.5.0.v20160907-0458
2017-11-21 07:05:54,099 - org.eclipse.jdt.apt.pluggable.core - 1.2.0.v20160907-0458
2017-11-21 07:05:54,100 - org.eclipse.jdt.compiler.apt - 1.3.0.v20160907-0458
2017-11-21 07:05:54,101 - org.eclipse.jdt.compiler.tool - 1.2.0.v20160907-0458
2017-11-21 07:05:54,101 - org.eclipse.jdt.core - 3.13.0.v20160913-0926
2017-11-21 07:05:54,101 - org.eclipse.jdt.annotation - 2.1.0.v20160418-1457
2017-11-21 07:05:54,101 - org.eclipse.jdt.annotation - 2.1.0.v20160418-1457
2017-11-21 07:05:54,101 - org.eclipse.jdt.core.manipulation - 1.7.0.v20160419-0705
2017-11-21 07:05:54,101 - org.eclipse.jdt.debug.ui - 3.8.0.v20160914-1243
2017-11-21 07:05:54,101 - org.eclipse.jdt.debug - 3.11.0.v20160914-0923
2017-11-21 07:05:54,101 - org.eclipse.jdt.junit - 3.9.0.v20160621-1002
2017-11-21 07:05:54,101 - org.eclipse.jdt.junit.core - 3.8.0.v20160421-1701
2017-11-21 07:05:54,102 - org.eclipse.jdt.junit.runtime - 3.4.600.v20160505-0715
2017-11-21 07:05:54,102 - org.eclipse.jdt.junit4.runtime - 1.1.600.v20160505-0715
2017-11-21 07:05:54,103 - org.eclipse.jdt.launching - 3.8.200.v20160627-1834
2017-11-21 07:05:54,103 - org.eclipse.jdt.ui - 3.12.100.v20160910-0421
2017-11-21 07:05:54,104 - org.junit - 4.12.0.v201504281640
2017-11-21 07:05:54,105 - org.hamcrest.core - 1.3.0.v201303031735
2017-11-21 07:05:54,105 - org.eclipse.jdt.doc.user - 3.13.0.v20160818-0746
2017-11-21 07:05:54,105 - org.eclipse.jdt.launching.macosx - 3.3.0.v20160418-1524
2017-11-21 07:05:54,105 - org.eclipse.jdt.launching.ui.macosx - 1.1.0.v20160418-1524
2017-11-21 07:05:54,105 - org.eclipse.ant.launching - 1.1.200.v20160826-1943
2017-11-21 07:05:54,108 - org.eclipse.emf.common - 2.12.0.v20160420-0247
2017-11-21 07:05:54,111 - org.eclipse.sequoyah.vnc.vncviewer.vncviews - 2.1.0.N20120718-0509
2017-11-21 07:05:54,114 - org.eclipse.egit.mylyn.ui - 4.4.1.201607150455-r
2017-11-21 07:05:54,117 - org.eclipse.datatools.sqltools.common.ui - 1.1.0.201603142002
2017-11-21 07:05:54,117 - org.eclipse.datatools.sqltools.debugger.core - 1.1.0.201603142002
2017-11-21 07:05:54,117 - org.eclipse.datatools.sqltools.editor.core - 1.1.0.201603142002
2017-11-21 07:05:54,118 - org.eclipse.datatools.sqltools.plan - 1.1.0.201603142002
2017-11-21 07:05:54,118 - org.eclipse.datatools.sqltools.routineeditor - 1.1.0.201603142002
2017-11-21 07:05:54,118 - org.eclipse.datatools.sqltools.sql - 1.1.0.201603142002
2017-11-21 07:05:54,118 - org.eclipse.datatools.sqltools.sqleditor - 1.1.0.201603142002
2017-11-21 07:05:54,118 - org.eclipse.datatools.sqltools.sqlscrapbook - 1.1.0.201603142002
2017-11-21 07:05:54,118 - org.eclipse.datatools.help - 1.6.0.201603142002
2017-11-21 07:05:54,118 - org.eclipse.datatools.sqltools.db.generic - 1.1.0.201603142002
2017-11-21 07:05:54,118 - org.eclipse.datatools.sqltools.debugger.core.ui - 1.1.0.201603142002
2017-11-21 07:05:54,118 - org.eclipse.datatools.sqltools.editor.core.ui - 1.1.0.201603142002
2017-11-21 07:05:54,118 - org.eclipse.datatools.sqltools.result.ui - 1.2.0.201603142002
2017-11-21 07:05:54,118 - org.eclipse.datatools.sqltools.routineeditor.ui - 1.1.0.201603142002
2017-11-21 07:05:54,118 - org.eclipse.datatools.sqltools.sql.ui - 1.1.0.201603142002
2017-11-21 07:05:54,121 - org.objectweb.asm - 5.0.1.v201404251740
2017-11-21 07:05:54,121 - org.eclipse.andmore - 0.5.0.201605181018
2017-11-21 07:05:54,121 - org.eclipse.andmore.base - 0.5.0.201605181018
2017-11-21 07:05:54,121 - org.eclipse.andmore.ddms - 0.5.0.201605181018
2017-11-21 07:05:54,121 - org.eclipse.andmore.overlay - 0.5.0.201605181018
2017-11-21 07:05:54,123 - org.apache.commons.codec - 1.6.0.v201305230611
2017-11-21 07:05:54,125 - org.apache.commons.compress - 1.6.0.v201310281400
2017-11-21 07:05:54,127 - org.apache.httpcomponents.httpclient - 4.3.6.v201511171540
2017-11-21 07:05:54,128 - org.apache.httpcomponents.httpcore - 4.3.3.v201411290715
2017-11-21 07:05:54,130 - org.eclipse.datatools.modelbase.dbdefinition - 1.1.0.201603142002
2017-11-21 07:05:54,131 - org.eclipse.datatools.modelbase.sql.edit - 1.1.0.201603142002
2017-11-21 07:05:54,131 - org.eclipse.datatools.modelbase.sql.query - 1.2.0.201603142002
2017-11-21 07:05:54,131 - org.eclipse.datatools.modelbase.sql.query.edit - 1.1.0.201603142002
2017-11-21 07:05:54,131 - org.eclipse.datatools.modelbase.sql.xml.query - 1.1.0.201603142002
2017-11-21 07:05:54,131 - org.eclipse.datatools.modelbase.sql - 1.1.0.201603142002
2017-11-21 07:05:54,132 - org.eclipse.oomph.setup.editor - 1.6.0.v20160920-0456
2017-11-21 07:05:54,132 - org.eclipse.oomph.setup.ui - 1.6.0.v20160920-0456
2017-11-21 07:05:54,133 - org.eclipse.oomph.setup.doc - 1.6.0.v20160920-0456
2017-11-21 07:05:54,133 - org.eclipse.oomph.setup.ui.questionnaire - 1.6.0.v20160920-0456
2017-11-21 07:05:54,133 - org.eclipse.oomph.jreinfo.ui - 1.6.0.v20160920-0456
2017-11-21 07:05:54,135 - org.eclipse.emf.mapping - 2.9.0.v20160526-0356
2017-11-21 07:05:54,137 - org.eclipse.emf.ecore - 2.12.0.v20160420-0247
2017-11-21 07:05:54,137 - org.eclipse.emf.ecore.change - 2.11.0.v20160420-0247
2017-11-21 07:05:54,137 - org.eclipse.emf.ecore.xmi - 2.12.0.v20160420-0247
2017-11-21 07:05:54,140 - org.eclipse.jgit - 4.4.1.201607150455-r
2017-11-21 07:05:54,141 - org.eclipse.jgit.archive - 4.4.1.201607150455-r
2017-11-21 07:05:54,141 - com.jcraft.jsch - 0.1.53.v201508180515
2017-11-21 07:05:54,142 - javaewah - 0.7.9.v201605172130
2017-11-21 07:05:54,142 - org.apache.commons.compress - 1.6.0.v201310281400
2017-11-21 07:05:54,142 - org.slf4j.api - 1.7.2.v20121108-1250
2017-11-21 07:05:54,142 - org.slf4j.impl.log4j12 - 1.7.2.v20131105-2200
2017-11-21 07:05:54,143 - org.apache.log4j - 1.2.15.v201012070815
2017-11-21 07:05:54,146 - org.eclipse.mylyn.wikitext.core - 2.10.0.v20160630-1705
2017-11-21 07:05:54,147 - org.eclipse.mylyn.wikitext.core.ant - 2.10.0.v20160630-1705
2017-11-21 07:05:54,147 - org.eclipse.mylyn.wikitext.core.osgi - 2.10.0.v20160630-1705
2017-11-21 07:05:54,147 - org.eclipse.mylyn.wikitext.textile.core - 2.10.0.v20160630-1705
2017-11-21 07:05:54,148 - org.eclipse.mylyn.wikitext.html.core - 2.10.0.v20160630-1705
2017-11-21 07:05:54,148 - org.eclipse.mylyn.wikitext.markdown.core - 2.10.0.v20160818-1444
2017-11-21 07:05:54,148 - org.eclipse.mylyn.wikitext.mediawiki.core - 2.10.0.v20160630-1705
2017-11-21 07:05:54,148 - org.eclipse.mylyn.wikitext.mediawiki.core.ant - 2.10.0.v20160630-1705
2017-11-21 07:05:54,148 - org.eclipse.mylyn.wikitext.confluence.core - 2.10.0.v20160630-1705
2017-11-21 07:05:54,149 - org.eclipse.mylyn.wikitext.tracwiki.core - 2.10.0.v20160630-1705
2017-11-21 07:05:54,149 - org.eclipse.mylyn.wikitext.twiki.core - 2.10.0.v20160630-1705
2017-11-21 07:05:54,149 - org.eclipse.mylyn.wikitext.ui - 2.10.0.v20160805-1545
2017-11-21 07:05:54,149 - org.eclipse.mylyn.wikitext.help.ui - 2.10.0.v20160912-2336
2017-11-21 07:05:54,149 - org.eclipse.mylyn.wikitext.textile.ui - 2.10.0.v20160630-1705
2017-11-21 07:05:54,149 - org.eclipse.mylyn.wikitext.markdown.ui - 2.10.0.v20160630-1705
2017-11-21 07:05:54,149 - org.eclipse.mylyn.wikitext.mediawiki.ui - 2.10.0.v20160630-1705
2017-11-21 07:05:54,149 - org.eclipse.mylyn.wikitext.confluence.ui - 2.10.0.v20160630-1705
2017-11-21 07:05:54,149 - org.eclipse.mylyn.wikitext.tracwiki.ui - 2.10.0.v20160630-1705
2017-11-21 07:05:54,149 - org.eclipse.mylyn.wikitext.twiki.ui - 2.10.0.v20160630-1705
2017-11-21 07:05:54,149 - org.eclipse.mylyn.wikitext.tasks.ui - 2.10.0.v20160630-1705
2017-11-21 07:05:54,149 - org.eclipse.mylyn.wikitext.context.ui - 2.10.0.v20160630-1705
2017-11-21 07:05:54,149 - org.eclipse.mylyn.wikitext.asciidoc.core - 2.10.0.v20160630-1705
2017-11-21 07:05:54,149 - org.eclipse.mylyn.wikitext.asciidoc.ui - 2.10.0.v20160707-2244
2017-11-21 07:05:54,154 - org.eclipse.emf.mapping.ecore.editor - 2.6.0.v20160526-0356
2017-11-21 07:05:54,154 - org.eclipse.emf.mapping.ecore2ecore.editor - 2.7.0.v20160526-0356
2017-11-21 07:05:54,154 - org.eclipse.emf.mapping.ecore2xml.ui - 2.8.0.v20160526-0356
2017-11-21 07:05:54,157 - org.eclipse.recommenders.mylyn.rcp - 2.4.4.v20160913-0648
2017-11-21 07:05:54,180 - org.apache.ant - 1.9.6.v201510161327
2017-11-21 07:05:54,180 - org.eclipse.ant.core - 3.4.100.v20160826-1943
2017-11-21 07:05:54,180 - com.jcraft.jsch - 0.1.53.v201508180515
2017-11-21 07:05:54,180 - org.eclipse.compare.core - 3.6.0.v20160831-0008
2017-11-21 07:05:54,180 - org.eclipse.compare - 3.7.0.v20160831-0008
2017-11-21 07:05:54,180 - org.eclipse.core.filebuffers - 3.6.100.v20160909-1024
2017-11-21 07:05:54,180 - org.eclipse.core.filesystem - 1.6.0.v20160503-1608
2017-11-21 07:05:54,180 - org.eclipse.core.net - 1.3.0.v20160418-1534
2017-11-21 07:05:54,180 - org.eclipse.core.resources - 3.11.0.v20160706-1129
2017-11-21 07:05:54,181 - org.eclipse.osgi.util - 3.3.100.v20150423-1351
2017-11-21 07:05:54,181 - org.eclipse.debug.core - 3.11.0.v20160914-0904
2017-11-21 07:05:54,181 - org.eclipse.debug.ui - 3.12.0.v20160909-1148
2017-11-21 07:05:54,181 - org.eclipse.equinox.event - 1.4.0.v20160627-0804
2017-11-21 07:05:54,181 - org.eclipse.ltk.core.refactoring - 3.7.0.v20160419-0705
2017-11-21 07:05:54,181 - org.eclipse.ltk.ui.refactoring - 3.8.0.v20160518-1817
2017-11-21 07:05:54,181 - org.eclipse.platform - 4.7.0.v20160915-0230
2017-11-21 07:05:54,181 - org.eclipse.platform.doc.user - 4.7.0.v20160906-1612
2017-11-21 07:05:54,181 - org.eclipse.search - 3.11.1.v20160909-0937
2017-11-21 07:05:54,181 - org.eclipse.team.core - 3.8.0.v20160418-1534
2017-11-21 07:05:54,182 - org.eclipse.team.ui - 3.8.1.v20160824-1211
2017-11-21 07:05:54,182 - org.eclipse.text - 3.6.0.v20160503-1849
2017-11-21 07:05:54,182 - org.eclipse.jface.text - 3.11.100.v20160914-2052
2017-11-21 07:05:54,182 - org.eclipse.jsch.core - 1.3.0.v20160422-1917
2017-11-21 07:05:54,182 - org.eclipse.jsch.ui - 1.3.0.v20160323-1650
2017-11-21 07:05:54,182 - org.eclipse.ui.console - 3.7.0.v20160824-0744
2017-11-21 07:05:54,182 - org.eclipse.ui.intro - 3.5.100.v20160829-1601
2017-11-21 07:05:54,183 - org.eclipse.ui.intro.universal - 3.3.100.v20160829-1601
2017-11-21 07:05:54,183 - org.eclipse.ui.cheatsheets - 3.5.0.v20160504-0839
2017-11-21 07:05:54,183 - org.eclipse.ui.browser - 3.6.0.v20160907-0813
2017-11-21 07:05:54,183 - org.eclipse.ui.monitoring - 1.1.0.v20160131-1628
2017-11-21 07:05:54,183 - org.eclipse.ui.navigator - 3.7.0.v20160908-1202
2017-11-21 07:05:54,183 - org.eclipse.ui.navigator.resources - 3.6.0.v20160908-1202
2017-11-21 07:05:54,183 - org.eclipse.ui.net - 1.3.0.v20160426-1633
2017-11-21 07:05:54,183 - org.eclipse.ui.workbench.texteditor - 3.10.100.v20160818-1620
2017-11-21 07:05:54,183 - org.eclipse.ui.views - 3.9.0.v20160816-1734
2017-11-21 07:05:54,183 - org.eclipse.ui.editors - 3.10.100.v20160909-0912
2017-11-21 07:05:54,183 - org.eclipse.ui.externaltools - 3.4.0.v20160624-0957
2017-11-21 07:05:54,183 - org.eclipse.ui.ide - 3.12.100.v20160908-1814
2017-11-21 07:05:54,183 - org.eclipse.ui.ide.application - 1.2.0.v20160811-1650
2017-11-21 07:05:54,183 - org.eclipse.core.filesystem.macosx - 1.3.0.v20140124-1940
2017-11-21 07:05:54,183 - org.eclipse.core.variables - 3.4.0.v20160624-0957
2017-11-21 07:05:54,183 - org.eclipse.ui.forms - 3.7.0.v20160831-1613
2017-11-21 07:05:54,183 - org.eclipse.ui.views.properties.tabbed - 3.8.0.v20160630-1229
2017-11-21 07:05:54,183 - org.eclipse.equinox.security - 1.2.200.v20150715-1528
2017-11-21 07:05:54,183 - org.eclipse.equinox.security.ui - 1.1.300.v20150803-1225
2017-11-21 07:05:54,183 - org.eclipse.equinox.security.macosx - 1.100.200.v20130327-1442
2017-11-21 07:05:54,183 - org.eclipse.core.externaltools - 1.1.0.v20160624-0957
2017-11-21 07:05:54,183 - org.eclipse.ui.themes - 1.2.0.v20160718-0743
2017-11-21 07:05:54,183 - org.eclipse.core.runtime - 3.12.0.v20160901-1938
2017-11-21 07:05:54,183 - org.eclipse.ui.intro.quicklinks - 1.0.0.v20160515-0255
2017-11-21 07:05:54,187 - org.eclipse.mylyn.discovery.core - 3.21.0.v20160729-1739
2017-11-21 07:05:54,187 - org.eclipse.mylyn.discovery.ui - 3.21.0.v20160630-1702
2017-11-21 07:05:54,190 - org.eclipse.emf.ecore.edit - 2.9.0.v20160526-0356
2017-11-21 07:05:54,190 - org.eclipse.emf.ecore.change.edit - 2.6.0.v20160526-0356
2017-11-21 07:05:54,194 - org.eclipse.sequoyah.vnc.protocol - 2.1.0.N20120718-0509
2017-11-21 07:05:54,197 - org.eclipse.mylyn.versions.core - 1.13.0.v20160630-2022
2017-11-21 07:05:54,197 - org.eclipse.mylyn.versions.ui - 1.13.0.v20160630-2022
2017-11-21 07:05:54,200 - org.eclipse.emf.mapping.ecore - 2.6.0.v20160526-0356
2017-11-21 07:05:54,200 - org.eclipse.emf.mapping.ecore2ecore - 2.9.0.v20160526-0356
2017-11-21 07:05:54,200 - org.eclipse.emf.mapping.ecore2xml - 2.9.0.v20160526-0356
2017-11-21 07:05:54,203 - org.eclipse.andmore.traceview - 0.5.0.201605181018
2017-11-21 07:05:54,206 - org.eclipse.sequoyah.localization.android - 2.1.0.N20120718-0509
2017-11-21 07:05:54,206 - org.eclipse.sequoyah.localization.android.help - 2.1.1.N20120718-0509
2017-11-21 07:05:54,209 - org.eclipse.emf.codegen - 2.11.0.v20160526-0356
2017-11-21 07:05:54,212 - org.eclipse.m2e.logback.configuration - 1.8.0.20160921-2002
2017-11-21 07:05:54,213 - org.eclipse.m2e.logback.appender - 1.8.0.20160921-2002
2017-11-21 07:05:54,216 - org.eclipse.wst.dtd.ui - 1.0.801.v201308100602
2017-11-21 07:05:54,216 - org.eclipse.wst.dtd.ui.infopop - 1.0.400.v201309112106
2017-11-21 07:05:54,216 - org.eclipse.wst.sse.ui.infopop - 1.0.300.v201309112106
2017-11-21 07:05:54,216 - org.eclipse.wst.xml.ui.infopop - 1.0.400.v201309112106
2017-11-21 07:05:54,216 - org.eclipse.wst.sse.ui - 1.3.500.v201605120129
2017-11-21 07:05:54,216 - org.eclipse.wst.xml.ui - 1.1.700.v201604272318
2017-11-21 07:05:54,216 - org.eclipse.wst.xsd.ui - 1.2.600.v201511240159
2017-11-21 07:05:54,219 - org.eclipse.emf - 2.6.0.v20160526-0356
2017-11-21 07:05:54,221 - org.eclipse.datatools.doc.user - 1.7.0.20090521092446
2017-11-21 07:05:54,222 - org.eclipse.datatools.oda.cshelp - 1.2.0.201603142002
2017-11-21 07:05:54,222 - org.eclipse.datatools.help - 1.6.0.201603142002
2017-11-21 07:05:54,224 - org.eclipse.mylyn.tasks.bugs - 3.21.0.v20160912-1745
2017-11-21 07:05:54,224 - org.eclipse.mylyn.help.ui - 3.21.0.v20160913-2013
2017-11-21 07:05:54,228 - org.eclipse.draw2d - 3.10.100.201606061308
2017-11-21 07:05:54,231 - org.eclipse.emf.edit - 2.12.0.v20160526-0356
2017-11-21 07:05:54,233 - org.eclipse.mylyn.commons.core - 3.21.0.v20160707-1856
2017-11-21 07:05:54,233 - org.eclipse.mylyn.commons.screenshots - 3.21.0.v20160630-1702
2017-11-21 07:05:54,234 - org.eclipse.mylyn.commons.ui - 3.21.0.v20160630-1702
2017-11-21 07:05:54,234 - org.eclipse.mylyn.commons.workbench - 3.21.0.v20160630-1702
2017-11-21 07:05:54,236 - org.eclipse.mylyn.bugzilla.ide - 3.21.0.v20160912-1820
2017-11-21 07:05:54,236 - org.eclipse.mylyn.ide.ui - 3.21.0.v20160701-1337
2017-11-21 07:05:54,239 - org.eclipse.emf.databinding.edit - 1.3.0.v20160526-0356
2017-11-21 07:05:54,240 - org.eclipse.emf.codegen.ecore - 2.12.0.v20160526-0356
2017-11-21 07:05:54,240 - org.eclipse.emf.ant - 2.8.0.v20160526-0356
2017-11-21 07:05:54,259 - org.eclipse.m2e.archetype.common - 1.8.0.20160921-2001
2017-11-21 07:05:54,265 - org.eclipse.m2e.maven.indexer - 1.8.0.20160921-2001
2017-11-21 07:05:54,265 - org.eclipse.m2e.model.edit - 1.8.0.20160921-2002
2017-11-21 07:05:54,265 - org.eclipse.m2e.core - 1.8.0.20160921-2002
2017-11-21 07:05:54,265 - org.eclipse.m2e.launching - 1.8.0.20160921-2002
2017-11-21 07:05:54,265 - org.eclipse.m2e.workspace.cli - 0.3.1
2017-11-21 07:05:54,265 - org.eclipse.m2e.jdt - 1.8.0.20160921-2002
2017-11-21 07:05:54,265 - org.eclipse.m2e.editor - 1.8.0.20160921-2002
2017-11-21 07:05:54,265 - org.eclipse.m2e.editor.xml - 1.8.0.20160921-2002
2017-11-21 07:05:54,302 - org.eclipse.m2e.maven.runtime - 1.8.0.20160921-2001
2017-11-21 07:05:54,303 - org.eclipse.m2e.maven.runtime.slf4j.simple - 1.8.0.20160921-2001
2017-11-21 07:05:54,303 - org.eclipse.m2e.refactoring - 1.8.0.20160921-2002
2017-11-21 07:05:54,304 - org.eclipse.m2e.lifecyclemapping.defaults - 1.8.0.20160921-2002
2017-11-21 07:05:54,304 - org.eclipse.m2e.discovery - 1.8.0.20160921-2002
2017-11-21 07:05:54,304 - org.eclipse.m2e.core.ui - 1.8.0.20160921-2002
2017-11-21 07:05:54,304 - org.eclipse.m2e.scm - 1.8.0.20160921-2002
2017-11-21 07:05:54,304 - org.eclipse.m2e.jdt.ui - 1.8.0.20160921-2002
2017-11-21 07:05:54,304 - org.eclipse.m2e.profiles.core - 1.8.0.20160921-2002
2017-11-21 07:05:54,304 - org.eclipse.m2e.profiles.ui - 1.8.0.20160921-2002
2017-11-21 07:05:54,304 - org.eclipse.m2e.importer - 1.8.0.20160921-2002
2017-11-21 07:05:54,307 - org.eclipse.andmore.ndk - 0.5.0.201605181018
2017-11-21 07:05:54,309 - org.eclipse.andmore.gldebugger - 0.5.0.201605181018
2017-11-21 07:05:54,312 - org.eclipse.mylyn.hudson.core - 1.13.0.v20160806-1446
2017-11-21 07:05:54,312 - org.eclipse.mylyn.hudson.ui - 1.13.0.v20160704-1634
2017-11-21 07:05:54,314 - org.eclipse.epp.mpc.core - 1.5.1.v20160912-1012
2017-11-21 07:05:54,314 - org.eclipse.epp.mpc.ui - 1.5.1.v20160913-1450
2017-11-21 07:05:54,315 - org.eclipse.epp.mpc.help.ui - 1.5.1.v20160824-2005
2017-11-21 07:05:54,315 - org.apache.httpcomponents.httpclient - 4.3.6.v201511171540
2017-11-21 07:05:54,315 - org.apache.httpcomponents.httpcore - 4.3.3.v201411290715
2017-11-21 07:05:54,317 - org.eclipse.mylyn.git.core - 1.13.0.v20160630-2022
2017-11-21 07:05:54,317 - org.eclipse.mylyn.git.ui - 1.13.0.v20160630-2022
2017-11-21 07:05:54,320 - org.eclipse.datatools.connectivity.oda.consumer - 3.3.0.201603142002
2017-11-21 07:05:54,320 - org.eclipse.datatools.connectivity.oda.design - 3.4.0.201603142002
2017-11-21 07:05:54,320 - org.eclipse.datatools.connectivity.oda.profile - 3.3.0.201603142002
2017-11-21 07:05:54,320 - org.eclipse.datatools.connectivity.oda - 3.5.0.201603142002
2017-11-21 07:05:54,320 - org.eclipse.datatools.connectivity - 1.13.0.201603142002
2017-11-21 07:05:54,323 - org.eclipse.andmore.android.certmanager - 0.5.0.201605181018
2017-11-21 07:05:54,326 - org.eclipse.recommenders.snipmatch - 2.4.4.v20160913-0648
2017-11-21 07:05:54,326 - org.eclipse.recommenders.snipmatch.rcp - 2.4.4.v20160920-1300
2017-11-21 07:05:54,329 - org.eclipse.cdt.gdb - 7.0.0.201609211603
2017-11-21 07:05:54,329 - org.eclipse.cdt.gdb.ui - 7.0.0.201609211603
2017-11-21 07:05:54,331 - org.eclipse.sequoyah.localization.tools - 2.1.0.N20120718-0509
2017-11-21 07:05:54,331 - org.eclipse.sequoyah.localization.editor - 2.1.0.N20120718-0509
2017-11-21 07:05:54,333 - org.eclipse.pde - 3.12.0.v20160915-0230
2017-11-21 07:05:54,334 - org.eclipse.pde.build - 3.9.200.v20160204-0642
2017-11-21 07:05:54,334 - org.eclipse.pde.core - 3.11.100.v20160829-1937
2017-11-21 07:05:54,334 - org.eclipse.pde.junit.runtime - 3.5.0.v20151013-0625
2017-11-21 07:05:54,334 - org.eclipse.pde.runtime - 3.6.0.v20160906-1419
2017-11-21 07:05:54,334 - org.eclipse.pde.ui - 3.10.0.v20160909-0913
2017-11-21 07:05:54,334 - org.eclipse.pde.doc.user - 3.13.0.v20160629-1237
2017-11-21 07:05:54,334 - org.eclipse.pde.ui.templates - 3.6.0.v20160829-2009
2017-11-21 07:05:54,334 - org.eclipse.ui.views.log - 1.2.100.v20160913-1056
2017-11-21 07:05:54,334 - org.objectweb.asm - 5.0.1.v201404251740
2017-11-21 07:05:54,334 - org.objectweb.asm.tree - 5.0.1.v201404251740
2017-11-21 07:05:54,334 - org.eclipse.pde.api.tools - 1.1.100.v20160912-1145
2017-11-21 07:05:54,334 - org.eclipse.pde.api.tools.annotations - 1.0.100.v20160418-1724
2017-11-21 07:05:54,334 - org.eclipse.pde.api.tools.ui - 1.1.100.v20160909-1218
2017-11-21 07:05:54,335 - org.eclipse.pde.ds.core - 1.1.0.v20151201-1325
2017-11-21 07:05:54,335 - org.eclipse.pde.ds.ui - 1.1.0.v20160518-1843
2017-11-21 07:05:54,335 - org.eclipse.pde.launching - 3.6.400.v20160121-1248
2017-11-21 07:05:54,335 - org.eclipse.pde.ua.core - 1.0.500.v20160204-0642
2017-11-21 07:05:54,335 - org.eclipse.pde.ua.ui - 1.1.0.v20160518-1843
2017-11-21 07:05:54,335 - org.eclipse.ui.trace - 1.0.400.v20160905-1427
2017-11-21 07:05:54,335 - org.eclipse.pde.ds.annotations - 1.0.1.v20160902-0618
2017-11-21 07:05:54,337 - net.sourceforge.lpg.lpgjavaruntime - 1.1.0.v201004271650
2017-11-21 07:05:54,337 - org.eclipse.datatools.sqltools.parsers.sql.lexer - 1.1.0.201603142002
2017-11-21 07:05:54,337 - org.eclipse.datatools.sqltools.parsers.sql.query - 1.3.0.201603142002
2017-11-21 07:05:54,337 - org.eclipse.datatools.sqltools.parsers.sql.xml.query - 1.1.0.201603142002
2017-11-21 07:05:54,337 - org.eclipse.datatools.sqltools.parsers.sql - 1.1.0.201603142002
2017-11-21 07:05:54,340 - org.eclipse.mylyn.java.ui - 3.21.0.v20160701-1337
2017-11-21 07:05:54,340 - org.eclipse.mylyn.java.tasks - 3.21.0.v20160701-1337
2017-11-21 07:05:54,340 - org.eclipse.mylyn.ide.ui - 3.21.0.v20160701-1337
2017-11-21 07:05:54,340 - org.eclipse.mylyn.ide.ant - 3.21.0.v20160701-1337
2017-11-21 07:05:54,340 - org.eclipse.mylyn.debug.ui - 3.21.0.v20160701-1337
2017-11-21 07:05:54,342 - org.eclipse.mylyn.team.ui - 3.21.0.v20160701-1337
2017-11-21 07:05:54,345 - org.eclipse.datatools.sqltools.sql - 1.1.0.201603142002
2017-11-21 07:05:54,345 - org.eclipse.datatools.sqltools.common.ui - 1.1.0.201603142002
2017-11-21 07:05:54,345 - org.eclipse.datatools.sqltools.plan - 1.1.0.201603142002
2017-11-21 07:05:54,345 - org.eclipse.datatools.sqltools.editor.core - 1.1.0.201603142002
2017-11-21 07:05:54,345 - org.eclipse.datatools.sqltools.sqleditor - 1.1.0.201603142002
2017-11-21 07:05:54,346 - org.eclipse.datatools.sqltools.ddlgen.ui - 1.1.0.201603142002
2017-11-21 07:05:54,346 - org.eclipse.datatools.connectivity.db.generic - 1.1.0.201603142002
2017-11-21 07:05:54,346 - org.eclipse.datatools.sqltools.editor.core.ui - 1.1.0.201603142002
2017-11-21 07:05:54,346 - org.eclipse.datatools.sqltools.sql.ui - 1.1.0.201603142002
2017-11-21 07:05:54,348 - org.eclipse.emf.common.ui - 2.11.0.v20160526-0356
2017-11-21 07:05:54,350 - org.eclipse.mylyn.commons.repositories.core - 1.13.0.v20160630-1702
2017-11-21 07:05:54,350 - org.eclipse.mylyn.commons.repositories.ui - 1.13.0.v20160630-1702
2017-11-21 07:05:54,353 - org.eclipse.sequoyah.device.common.utilities - 2.1.0.N20120718-0509
2017-11-21 07:05:54,356 - org.eclipse.andmore.android.common - 0.5.0.201605181018
2017-11-21 07:05:54,356 - org.eclipse.andmore.android.codeutils - 0.5.0.201605181018
2017-11-21 07:05:54,356 - org.eclipse.andmore.android.translation - 0.5.0.201605181018
2017-11-21 07:05:54,356 - org.eclipse.andmore.android.codesnippets - 0.5.0.201605181018
2017-11-21 07:05:54,356 - org.eclipse.andmore.android.db.core - 0.5.0.201605181018
2017-11-21 07:05:54,356 - org.eclipse.andmore.android.logger - 0.5.0.201605181018
2017-11-21 07:05:54,356 - org.eclipse.andmore.android - 0.5.0.201605181018
2017-11-21 07:05:54,356 - org.eclipse.andmore.android.emulator - 0.5.0.201605181018
2017-11-21 07:05:54,356 - org.eclipse.andmore.android.launch - 0.5.0.201605181018
2017-11-21 07:05:54,356 - org.eclipse.andmore.android.packaging.ui - 0.5.0.201605181018
2017-11-21 07:05:54,356 - org.eclipse.andmore.android.handset - 0.5.0.201605181018
2017-11-21 07:05:54,356 - org.eclipse.andmore.android.remote - 0.5.0.201605181018
2017-11-21 07:05:54,357 - org.eclipse.andmore.android.macosx - 0.5.0.201605181018
2017-11-21 07:05:54,357 - org.eclipse.andmore.android.mat - 0.5.0.201605181018
2017-11-21 07:05:54,357 - org.eclipse.andmore.android.devices.services - 0.5.0.201605181018
2017-11-21 07:05:54,357 - org.eclipse.andmore.android.db.devices - 0.5.0.201605181018
2017-11-21 07:05:54,357 - org.eclipse.andmore.android.installer - 0.5.0.201605181018
2017-11-21 07:05:54,357 - org.eclipse.andmore.android.logger.collector - 0.5.0.201605181018
2017-11-21 07:05:54,360 - org.eclipse.emf.mapping.ui - 2.7.0.v20160526-0356
2017-11-21 07:05:54,363 - org.eclipse.mylyn.monitor.core - 3.21.0.v20160630-1702
2017-11-21 07:05:54,363 - org.eclipse.mylyn.monitor.ui - 3.21.0.v20160630-1702
2017-11-21 07:05:54,365 - org.eclipse.datatools.connectivity.oda.template.ui - 3.3.0.201603142002
2017-11-21 07:05:54,367 - org.eclipse.sequoyah.vnc.vncviewer - 2.1.0.N20120718-0509
2017-11-21 07:05:54,368 - org.eclipse.emf.codegen.ecore.ui - 2.12.0.v20160526-0356
2017-11-21 07:05:54,370 - org.eclipse.emf.ecore.editor - 2.12.0.v20160526-0356
2017-11-21 07:05:54,372 - org.eclipse.epp.package.android - 4.7.0.20160922-0755
2017-11-21 07:05:54,374 - org.eclipse.mylyn.builds.core - 1.13.0.v20160704-1634
2017-11-21 07:05:54,374 - org.eclipse.mylyn.builds.ui - 1.13.0.v20160725-1817
2017-11-21 07:05:54,376 - org.eclipse.mylyn.context.core - 3.21.0.v20160701-1337
2017-11-21 07:05:54,376 - org.eclipse.mylyn.context.ui - 3.21.0.v20160701-1337
2017-11-21 07:05:54,376 - org.eclipse.mylyn.resources.ui - 3.21.0.v20160701-1337
2017-11-21 07:05:54,376 - org.eclipse.mylyn.context.tasks.ui - 3.21.0.v20160815-2336
2017-11-21 07:05:54,378 - org.eclipse.emf.databinding - 1.3.0.v20160526-0356
2017-11-21 07:05:54,380 - org.eclipse.datatools.connectivity.sqm.core.ui - 1.3.0.201603142002
2017-11-21 07:05:54,380 - org.eclipse.datatools.connectivity.sqm.core - 1.3.0.201603142002
2017-11-21 07:05:54,380 - org.eclipse.datatools.connectivity.sqm.server.ui - 1.2.0.201603142002
2017-11-21 07:05:54,380 - org.eclipse.datatools.connectivity.ui.dse - 1.2.0.201603142002
2017-11-21 07:05:54,380 - org.eclipse.datatools.connectivity.ui - 1.3.0.201603142002
2017-11-21 07:05:54,380 - org.eclipse.datatools.connectivity - 1.13.0.201603142002
2017-11-21 07:05:54,380 - org.eclipse.datatools.help - 1.6.0.201603142002
2017-11-21 07:05:54,380 - org.eclipse.datatools.connectivity.console.profile - 1.1.0.201603142002
2017-11-21 07:05:54,382 - org.eclipse.oomph.setup - 1.6.0.v20160920-0456
2017-11-21 07:05:54,382 - org.eclipse.oomph.setup.edit - 1.6.0.v20160920-0456
2017-11-21 07:05:54,382 - org.eclipse.oomph.setup.core - 1.6.0.v20160920-1303
2017-11-21 07:05:54,382 - org.eclipse.oomph.setup.sync - 1.6.0.v20160920-0456
2017-11-21 07:05:54,382 - org.eclipse.oomph.setup.p2 - 1.6.0.v20160920-0456
2017-11-21 07:05:54,382 - org.eclipse.oomph.setup.p2.edit - 1.6.0.v20160920-0456
2017-11-21 07:05:54,382 - org.eclipse.oomph.preferences - 1.6.0.v20160920-0456
2017-11-21 07:05:54,382 - org.eclipse.oomph.jreinfo - 1.5.0.v20160807-1022
2017-11-21 07:05:54,383 - org.eclipse.oomph.extractor.lib - 1.2.0.v20160519-0740
2017-11-21 07:05:54,383 - org.apache.commons.logging - 1.1.1.v201101211721
2017-11-21 07:05:54,383 - org.apache.commons.codec - 1.6.0.v201305230611
2017-11-21 07:05:54,383 - org.apache.httpcomponents.httpclient - 4.3.6.v201511171540
2017-11-21 07:05:54,383 - org.apache.httpcomponents.httpcore - 4.3.3.v201411290715
2017-11-21 07:05:54,383 - org.eclipse.userstorage - 1.0.0.v20160524-0709
2017-11-21 07:05:54,383 - org.eclipse.userstorage.ui - 1.0.0.v20151216-0912
